0 verbose cli /usr/local/bin/node /usr/local/bin/npm
1 info using npm@8.6.0
2 info using node@v18.0.0
3 timing npm:load:whichnode Completed in 1ms
4 timing config:load:defaults Completed in 3ms
5 timing config:load:file:/usr/local/lib/node_modules/npm/npmrc Completed in 19ms
6 timing config:load:builtin Completed in 21ms
7 timing config:load:cli Completed in 3ms
8 timing config:load:env Completed in 1ms
9 timing config:load:project Completed in 43ms
10 timing config:load:file:/home/node/.npmrc Completed in 4ms
11 timing config:load:user Completed in 5ms
12 timing config:load:file:/usr/local/etc/npmrc Completed in 0ms
13 timing config:load:global Completed in 1ms
14 timing config:load:validate Completed in 0ms
15 timing config:load:credentials Completed in 1ms
16 timing config:load:setEnvs Completed in 1ms
17 timing config:load Completed in 81ms
18 timing npm:load:configload Completed in 81ms
19 timing npm:load:mkdirpcache Completed in 8ms
20 timing npm:load:mkdirplogs Completed in 5ms
21 verbose title npm install axios
22 verbose argv "install" "axios"
23 timing npm:load:setTitle Completed in 2ms
24 timing config:load:flatten Completed in 6ms
25 timing npm:load:display Completed in 10ms
26 verbose logfile logs-max:10 dir:/home/node/.npm/_logs
27 verbose logfile /home/node/.npm/_logs/2023-01-18T00_21_54_323Z-debug-0.log
28 timing npm:load:logFile Completed in 82ms
29 timing npm:load:timers Completed in 0ms
30 timing npm:load:configScope Completed in 1ms
31 timing npm:load Completed in 194ms
32 timing arborist:ctor Completed in 1ms
33 silly logfile done cleaning log files
34 timing idealTree:init Completed in 637ms
35 timing idealTree:userRequests Completed in 4ms
36 silly idealTree buildDeps
37 silly fetch manifest axios@*
38 timing arborist:ctor Completed in 0ms
39 http fetch GET 200 https://registry.npmjs.org/axios 802ms (cache miss)
40 silly placeDep ROOT axios@1.2.3 OK for: vue-app@0.0.0 want: *
41 silly fetch manifest follow-redirects@^1.15.0
42 silly fetch manifest form-data@^4.0.0
43 silly fetch manifest proxy-from-env@^1.1.0
44 http fetch GET 200 https://registry.npmjs.org/follow-redirects 255ms (cache miss)
45 http fetch GET 200 https://registry.npmjs.org/proxy-from-env 273ms (cache miss)
46 http fetch GET 200 https://registry.npmjs.org/form-data 849ms (cache miss)
47 timing idealTree:#root Completed in 1688ms
48 silly placeDep ROOT follow-redirects@1.15.2 OK for: axios@1.2.3 want: ^1.15.0
49 silly placeDep ROOT form-data@4.0.0 OK for: axios@1.2.3 want: ^4.0.0
50 silly placeDep ROOT proxy-from-env@1.1.0 OK for: axios@1.2.3 want: ^1.1.0
51 silly fetch manifest asynckit@^0.4.0
52 silly fetch manifest combined-stream@^1.0.8
53 silly fetch manifest mime-types@^2.1.12
54 http fetch GET 200 https://registry.npmjs.org/combined-stream 125ms (cache miss)
55 http fetch GET 200 https://registry.npmjs.org/mime-types 129ms (cache miss)
56 http fetch GET 200 https://registry.npmjs.org/asynckit 137ms (cache miss)
57 timing idealTree:node_modules/axios Completed in 151ms
58 timing idealTree:node_modules/follow-redirects Completed in 0ms
59 silly placeDep ROOT asynckit@0.4.0 OK for: form-data@4.0.0 want: ^0.4.0
60 silly placeDep ROOT combined-stream@1.0.8 OK for: form-data@4.0.0 want: ^1.0.8
61 silly placeDep ROOT mime-types@2.1.35 OK for: form-data@4.0.0 want: ^2.1.12
62 silly fetch manifest delayed-stream@~1.0.0
63 silly fetch manifest mime-db@1.52.0
64 http fetch GET 200 https://registry.npmjs.org/mime-db 151ms (cache miss)
65 http fetch GET 200 https://registry.npmjs.org/delayed-stream 168ms (cache miss)
66 timing idealTree:node_modules/form-data Completed in 188ms
67 timing idealTree:node_modules/asynckit Completed in 0ms
68 silly placeDep ROOT delayed-stream@1.0.0 OK for: combined-stream@1.0.8 want: ~1.0.0
69 timing idealTree:node_modules/combined-stream Completed in 4ms
70 timing idealTree:node_modules/delayed-stream Completed in 0ms
71 silly placeDep ROOT mime-db@1.52.0 OK for: mime-types@2.1.35 want: 1.52.0
72 timing idealTree:node_modules/mime-types Completed in 5ms
73 timing idealTree:node_modules/mime-db Completed in 0ms
74 timing idealTree:node_modules/proxy-from-env Completed in 0ms
75 timing idealTree:buildDeps Completed in 2058ms
76 timing idealTree:fixDepFlags Completed in 4ms
77 timing idealTree Completed in 2725ms
78 timing reify:loadTrees Completed in 2729ms
79 timing reify:diffTrees Completed in 36ms
80 silly reify moves {}
81 timing reify:retireShallow Completed in 5ms
82 timing reify:createSparse Completed in 238ms
83 timing reify:loadBundles Completed in 0ms
84 silly audit bulk request {
84 silly audit   '@babel/parser': [ '7.20.7' ],
84 silly audit   '@esbuild/android-arm': [ '0.15.18' ],
84 silly audit   '@esbuild/linux-loong64': [ '0.15.18' ],
84 silly audit   '@eslint/eslintrc': [ '1.4.1' ],
84 silly audit   '@humanwhocodes/config-array': [ '0.11.8' ],
84 silly audit   '@humanwhocodes/module-importer': [ '1.0.1' ],
84 silly audit   '@humanwhocodes/object-schema': [ '1.2.1' ],
84 silly audit   '@mdi/font': [ '7.0.96' ],
84 silly audit   '@nodelib/fs.scandir': [ '2.1.5' ],
84 silly audit   '@nodelib/fs.stat': [ '2.0.5' ],
84 silly audit   '@nodelib/fs.walk': [ '1.2.8' ],
84 silly audit   '@vitejs/plugin-vue': [ '3.2.0' ],
84 silly audit   '@vue/compiler-core': [ '3.2.45' ],
84 silly audit   '@vue/compiler-dom': [ '3.2.45' ],
84 silly audit   '@vue/compiler-sfc': [ '3.2.45' ],
84 silly audit   '@vue/compiler-ssr': [ '3.2.45' ],
84 silly audit   '@vue/devtools-api': [ '6.4.5' ],
84 silly audit   '@vue/reactivity': [ '3.2.45' ],
84 silly audit   '@vue/reactivity-transform': [ '3.2.45' ],
84 silly audit   '@vue/runtime-core': [ '3.2.45' ],
84 silly audit   '@vue/runtime-dom': [ '3.2.45' ],
84 silly audit   '@vue/server-renderer': [ '3.2.45' ],
84 silly audit   '@vue/shared': [ '3.2.45' ],
84 silly audit   '@vuetify/loader-shared': [ '1.7.0' ],
84 silly audit   acorn: [ '8.8.1' ],
84 silly audit   'acorn-jsx': [ '5.3.2' ],
84 silly audit   ajv: [ '6.12.6' ],
84 silly audit   'ansi-regex': [ '5.0.1' ],
84 silly audit   'ansi-styles': [ '4.3.0' ],
84 silly audit   anymatch: [ '3.1.3' ],
84 silly audit   argparse: [ '2.0.1' ],
84 silly audit   'balanced-match': [ '1.0.2' ],
84 silly audit   'binary-extensions': [ '2.2.0' ],
84 silly audit   boolbase: [ '1.0.0' ],
84 silly audit   'brace-expansion': [ '1.1.11' ],
84 silly audit   braces: [ '3.0.2' ],
84 silly audit   callsites: [ '3.1.0' ],
84 silly audit   chalk: [ '4.1.2' ],
84 silly audit   chokidar: [ '3.5.3' ],
84 silly audit   'glob-parent': [ '5.1.2', '6.0.2' ],
84 silly audit   'color-convert': [ '2.0.1' ],
84 silly audit   'color-name': [ '1.1.4' ],
84 silly audit   commondir: [ '1.0.1' ],
84 silly audit   'concat-map': [ '0.0.1' ],
84 silly audit   'core-js': [ '3.27.1' ],
84 silly audit   'cross-spawn': [ '7.0.3' ],
84 silly audit   cssesc: [ '3.0.0' ],
84 silly audit   csstype: [ '2.6.21' ],
84 silly audit   debug: [ '4.3.4' ],
84 silly audit   'deep-is': [ '0.1.4' ],
84 silly audit   doctrine: [ '3.0.0' ],
84 silly audit   esbuild: [ '0.15.18' ],
84 silly audit   'esbuild-android-64': [ '0.15.18' ],
84 silly audit   'esbuild-android-arm64': [ '0.15.18' ],
84 silly audit   'esbuild-darwin-64': [ '0.15.18' ],
84 silly audit   'esbuild-darwin-arm64': [ '0.15.18' ],
84 silly audit   'esbuild-freebsd-64': [ '0.15.18' ],
84 silly audit   'esbuild-freebsd-arm64': [ '0.15.18' ],
84 silly audit   'esbuild-linux-32': [ '0.15.18' ],
84 silly audit   'esbuild-linux-64': [ '0.15.18' ],
84 silly audit   'esbuild-linux-arm': [ '0.15.18' ],
84 silly audit   'esbuild-linux-arm64': [ '0.15.18' ],
84 silly audit   'esbuild-linux-mips64le': [ '0.15.18' ],
84 silly audit   'esbuild-linux-ppc64le': [ '0.15.18' ],
84 silly audit   'esbuild-linux-riscv64': [ '0.15.18' ],
84 silly audit   'esbuild-linux-s390x': [ '0.15.18' ],
84 silly audit   'esbuild-netbsd-64': [ '0.15.18' ],
84 silly audit   'esbuild-openbsd-64': [ '0.15.18' ],
84 silly audit   'esbuild-sunos-64': [ '0.15.18' ],
84 silly audit   'esbuild-windows-32': [ '0.15.18' ],
84 silly audit   'esbuild-windows-64': [ '0.15.18' ],
84 silly audit   'esbuild-windows-arm64': [ '0.15.18' ],
84 silly audit   'escape-string-regexp': [ '4.0.0' ],
84 silly audit   eslint: [ '8.32.0' ],
84 silly audit   'eslint-plugin-vue': [ '9.9.0' ],
84 silly audit   'eslint-scope': [ '7.1.1' ],
84 silly audit   'eslint-utils': [ '3.0.0' ],
84 silly audit   'eslint-visitor-keys': [ '2.1.0', '3.3.0' ],
84 silly audit   espree: [ '9.4.1' ],
84 silly audit   esquery: [ '1.4.0' ],
84 silly audit   esrecurse: [ '4.3.0' ],
84 silly audit   estraverse: [ '5.3.0' ],
84 silly audit   'estree-walker': [ '2.0.2' ],
84 silly audit   esutils: [ '2.0.3' ],
84 silly audit   'fast-deep-equal': [ '3.1.3' ],
84 silly audit   'fast-json-stable-stringify': [ '2.1.0' ],
84 silly audit   'fast-levenshtein': [ '2.0.6' ],
84 silly audit   fastq: [ '1.15.0' ],
84 silly audit   'file-entry-cache': [ '6.0.1' ],
84 silly audit   'fill-range': [ '7.0.1' ],
84 silly audit   'find-cache-dir': [ '3.3.2' ],
84 silly audit   'find-up': [ '5.0.0', '4.1.0' ],
84 silly audit   'flat-cache': [ '3.0.4' ],
84 silly audit   flatted: [ '3.2.7' ],
84 silly audit   'fs.realpath': [ '1.0.0' ],
84 silly audit   fsevents: [ '2.3.2' ],
84 silly audit   'function-bind': [ '1.1.1' ],
84 silly audit   glob: [ '7.2.3' ],
84 silly audit   globals: [ '13.19.0' ],
84 silly audit   'grapheme-splitter': [ '1.0.4' ],
84 silly audit   has: [ '1.0.3' ],
84 silly audit   'has-flag': [ '4.0.0' ],
84 silly audit   ignore: [ '5.2.4' ],
84 silly audit   immutable: [ '4.2.2' ],
84 silly audit   'import-fresh': [ '3.3.0' ],
84 silly audit   imurmurhash: [ '0.1.4' ],
84 silly audit   inflight: [ '1.0.6' ],
84 silly audit   inherits: [ '2.0.4' ],
84 silly audit   'is-binary-path': [ '2.1.0' ],
84 silly audit   'is-core-module': [ '2.11.0' ],
84 silly audit   'is-extglob': [ '2.1.1' ],
84 silly audit   'is-glob': [ '4.0.3' ],
84 silly audit   'is-number': [ '7.0.0' ],
84 silly audit   'is-path-inside': [ '3.0.3' ],
84 silly audit   isexe: [ '2.0.0' ],
84 silly audit   'js-sdsl': [ '4.2.0' ],
84 silly audit   'js-yaml': [ '4.1.0' ],
84 silly audit   'json-schema-traverse': [ '0.4.1' ],
84 silly audit   'json-stable-stringify-without-jsonify': [ '1.0.1' ],
84 silly audit   levn: [ '0.4.1' ],
84 silly audit   'locate-path': [ '6.0.0', '5.0.0' ],
84 silly audit   lodash: [ '4.17.21' ],
84 silly audit   'lodash.merge': [ '4.6.2' ],
84 silly audit   'lru-cache': [ '6.0.0' ],
84 silly audit   'magic-string': [ '0.25.9' ],
84 silly audit   'make-dir': [ '3.1.0' ],
84 silly audit   semver: [ '6.3.0', '7.3.8' ],
84 silly audit   minimatch: [ '3.1.2' ],
84 silly audit   ms: [ '2.1.2' ],
84 silly audit   nanoid: [ '3.3.4' ],
84 silly audit   'natural-compare': [ '1.4.0' ],
84 silly audit   'normalize-path': [ '3.0.0' ],
84 silly audit   'nth-check': [ '2.1.1' ],
84 silly audit   once: [ '1.4.0' ],
84 silly audit   optionator: [ '0.9.1' ],
84 silly audit   'p-limit': [ '3.1.0', '2.3.0' ],
84 silly audit   'p-locate': [ '5.0.0', '4.1.0' ],
84 silly audit   'p-try': [ '2.2.0' ],
84 silly audit   'parent-module': [ '1.0.1' ],
84 silly audit   'path-exists': [ '4.0.0' ],
84 silly audit   'path-is-absolute': [ '1.0.1' ],
84 silly audit   'path-key': [ '3.1.1' ],
84 silly audit   'path-parse': [ '1.0.7' ],
84 silly audit   picocolors: [ '1.0.0' ],
84 silly audit   picomatch: [ '2.3.1' ],
84 silly audit   'pkg-dir': [ '4.2.0' ],
84 silly audit   postcss: [ '8.4.21' ],
84 silly audit   'postcss-selector-parser': [ '6.0.11' ],
84 silly audit   'prelude-ls': [ '1.2.1' ],
84 silly audit   punycode: [ '2.2.0' ],
84 silly audit   'queue-microtask': [ '1.2.3' ],
84 silly audit   readdirp: [ '3.6.0' ],
84 silly audit   regexpp: [ '3.2.0' ],
84 silly audit   resolve: [ '1.22.1' ],
84 silly audit   'resolve-from': [ '4.0.0' ],
84 silly audit   reusify: [ '1.0.4' ],
84 silly audit   rimraf: [ '3.0.2' ],
84 silly audit   'roboto-fontface': [ '0.10.0' ],
84 silly audit   rollup: [ '2.79.1' ],
84 silly audit   'run-parallel': [ '1.2.0' ],
84 silly audit   sass: [ '1.57.1' ],
84 silly audit   'shebang-command': [ '2.0.0' ],
84 silly audit   'shebang-regex': [ '3.0.0' ],
84 silly audit   'source-map': [ '0.6.1' ],
84 silly audit   'source-map-js': [ '1.0.2' ],
84 silly audit   'sourcemap-codec': [ '1.4.8' ],
84 silly audit   'strip-ansi': [ '6.0.1' ],
84 silly audit   'strip-json-comments': [ '3.1.1' ],
84 silly audit   'supports-color': [ '7.2.0' ],
84 silly audit   'supports-preserve-symlinks-flag': [ '1.0.0' ],
84 silly audit   'text-table': [ '0.2.0' ],
84 silly audit   'to-regex-range': [ '5.0.1' ],
84 silly audit   'type-check': [ '0.4.0' ],
84 silly audit   'type-fest': [ '0.20.2' ],
84 silly audit   upath: [ '2.0.1' ],
84 silly audit   'uri-js': [ '4.4.1' ],
84 silly audit   'util-deprecate': [ '1.0.2' ],
84 silly audit   vite: [ '3.2.5' ],
84 silly audit   'vite-plugin-vuetify': [ '1.0.1' ],
84 silly audit   vue: [ '3.2.45' ],
84 silly audit   'vue-eslint-parser': [ '9.1.0' ],
84 silly audit   'vue-router': [ '4.1.6' ],
84 silly audit   vuetify: [ '3.1.1' ],
84 silly audit   webfontloader: [ '1.6.28' ],
84 silly audit   which: [ '2.0.2' ],
84 silly audit   'word-wrap': [ '1.2.3' ],
84 silly audit   wrappy: [ '1.0.2' ],
84 silly audit   'xml-name-validator': [ '4.0.0' ],
84 silly audit   yallist: [ '4.0.0' ],
84 silly audit   'yocto-queue': [ '0.1.0' ],
84 silly audit   axios: [ '1.2.3' ],
84 silly audit   'follow-redirects': [ '1.15.2' ],
84 silly audit   'form-data': [ '4.0.0' ],
84 silly audit   'proxy-from-env': [ '1.1.0' ],
84 silly audit   asynckit: [ '0.4.0' ],
84 silly audit   'combined-stream': [ '1.0.8' ],
84 silly audit   'mime-types': [ '2.1.35' ],
84 silly audit   'delayed-stream': [ '1.0.0' ],
84 silly audit   'mime-db': [ '1.52.0' ]
84 silly audit }
85 verbose reify failed optional dependency /home/node/node_modules/fsevents
86 silly reify mark deleted [ '/home/node/node_modules/fsevents' ]
87 verbose reify failed optional dependency /home/node/node_modules/esbuild-windows-arm64
88 silly reify mark deleted [ '/home/node/node_modules/esbuild-windows-arm64' ]
89 verbose reify failed optional dependency /home/node/node_modules/esbuild-windows-64
90 silly reify mark deleted [ '/home/node/node_modules/esbuild-windows-64' ]
91 verbose reify failed optional dependency /home/node/node_modules/esbuild-windows-32
92 silly reify mark deleted [ '/home/node/node_modules/esbuild-windows-32' ]
93 verbose reify failed optional dependency /home/node/node_modules/esbuild-sunos-64
94 silly reify mark deleted [ '/home/node/node_modules/esbuild-sunos-64' ]
95 verbose reify failed optional dependency /home/node/node_modules/esbuild-openbsd-64
96 silly reify mark deleted [ '/home/node/node_modules/esbuild-openbsd-64' ]
97 verbose reify failed optional dependency /home/node/node_modules/esbuild-netbsd-64
98 silly reify mark deleted [ '/home/node/node_modules/esbuild-netbsd-64' ]
99 verbose reify failed optional dependency /home/node/node_modules/esbuild-linux-s390x
100 silly reify mark deleted [ '/home/node/node_modules/esbuild-linux-s390x' ]
101 verbose reify failed optional dependency /home/node/node_modules/esbuild-linux-riscv64
102 silly reify mark deleted [ '/home/node/node_modules/esbuild-linux-riscv64' ]
103 verbose reify failed optional dependency /home/node/node_modules/esbuild-linux-ppc64le
104 silly reify mark deleted [ '/home/node/node_modules/esbuild-linux-ppc64le' ]
105 verbose reify failed optional dependency /home/node/node_modules/esbuild-linux-mips64le
106 silly reify mark deleted [ '/home/node/node_modules/esbuild-linux-mips64le' ]
107 verbose reify failed optional dependency /home/node/node_modules/esbuild-linux-arm64
108 silly reify mark deleted [ '/home/node/node_modules/esbuild-linux-arm64' ]
109 verbose reify failed optional dependency /home/node/node_modules/esbuild-linux-arm
110 silly reify mark deleted [ '/home/node/node_modules/esbuild-linux-arm' ]
111 verbose reify failed optional dependency /home/node/node_modules/esbuild-linux-32
112 silly reify mark deleted [ '/home/node/node_modules/esbuild-linux-32' ]
113 verbose reify failed optional dependency /home/node/node_modules/esbuild-freebsd-arm64
114 silly reify mark deleted [ '/home/node/node_modules/esbuild-freebsd-arm64' ]
115 verbose reify failed optional dependency /home/node/node_modules/esbuild-freebsd-64
116 silly reify mark deleted [ '/home/node/node_modules/esbuild-freebsd-64' ]
117 verbose reify failed optional dependency /home/node/node_modules/esbuild-darwin-arm64
118 silly reify mark deleted [ '/home/node/node_modules/esbuild-darwin-arm64' ]
119 verbose reify failed optional dependency /home/node/node_modules/esbuild-darwin-64
120 silly reify mark deleted [ '/home/node/node_modules/esbuild-darwin-64' ]
121 verbose reify failed optional dependency /home/node/node_modules/esbuild-android-arm64
122 silly reify mark deleted [ '/home/node/node_modules/esbuild-android-arm64' ]
123 verbose reify failed optional dependency /home/node/node_modules/esbuild-android-64
124 silly reify mark deleted [ '/home/node/node_modules/esbuild-android-64' ]
125 verbose reify failed optional dependency /home/node/node_modules/@esbuild/linux-loong64
126 silly reify mark deleted [ '/home/node/node_modules/@esbuild/linux-loong64' ]
127 verbose reify failed optional dependency /home/node/node_modules/@esbuild/android-arm
128 silly reify mark deleted [ '/home/node/node_modules/@esbuild/android-arm' ]
129 timing reifyNode:node_modules/fsevents Completed in 160ms
130 timing reifyNode:node_modules/esbuild-windows-arm64 Completed in 162ms
131 timing reifyNode:node_modules/esbuild-windows-64 Completed in 163ms
132 timing reifyNode:node_modules/esbuild-windows-32 Completed in 165ms
133 timing reifyNode:node_modules/esbuild-sunos-64 Completed in 168ms
134 timing reifyNode:node_modules/esbuild-openbsd-64 Completed in 171ms
135 timing reifyNode:node_modules/esbuild-netbsd-64 Completed in 172ms
136 timing reifyNode:node_modules/esbuild-linux-s390x Completed in 174ms
137 timing reifyNode:node_modules/esbuild-linux-riscv64 Completed in 176ms
138 timing reifyNode:node_modules/esbuild-linux-ppc64le Completed in 178ms
139 timing reifyNode:node_modules/esbuild-linux-mips64le Completed in 179ms
140 timing reifyNode:node_modules/esbuild-linux-arm64 Completed in 181ms
141 timing reifyNode:node_modules/esbuild-linux-arm Completed in 183ms
142 timing reifyNode:node_modules/esbuild-linux-32 Completed in 185ms
143 timing reifyNode:node_modules/esbuild-freebsd-arm64 Completed in 186ms
144 timing reifyNode:node_modules/esbuild-freebsd-64 Completed in 188ms
145 timing reifyNode:node_modules/esbuild-darwin-arm64 Completed in 189ms
146 timing reifyNode:node_modules/esbuild-darwin-64 Completed in 189ms
147 timing reifyNode:node_modules/esbuild-android-arm64 Completed in 191ms
148 timing reifyNode:node_modules/esbuild-android-64 Completed in 192ms
149 timing reifyNode:node_modules/@esbuild/linux-loong64 Completed in 193ms
150 timing reifyNode:node_modules/@esbuild/android-arm Completed in 194ms
151 silly tarball no local data for delayed-stream@https://registry.npmjs.org/delayed-stream/-/delayed-stream-1.0.0.tgz. Extracting by manifest.
152 silly tarball no local data for mime-types@https://registry.npmjs.org/mime-types/-/mime-types-2.1.35.tgz. Extracting by manifest.
153 silly tarball no local data for proxy-from-env@https://registry.npmjs.org/proxy-from-env/-/proxy-from-env-1.1.0.tgz. Extracting by manifest.
154 silly tarball no local data for form-data@https://registry.npmjs.org/form-data/-/form-data-4.0.0.tgz. Extracting by manifest.
155 silly tarball no local data for follow-redirects@https://registry.npmjs.org/follow-redirects/-/follow-redirects-1.15.2.tgz. Extracting by manifest.
156 silly tarball no local data for asynckit@https://registry.npmjs.org/asynckit/-/asynckit-0.4.0.tgz. Extracting by manifest.
157 silly tarball no local data for mime-db@https://registry.npmjs.org/mime-db/-/mime-db-1.52.0.tgz. Extracting by manifest.
158 silly tarball no local data for combined-stream@https://registry.npmjs.org/combined-stream/-/combined-stream-1.0.8.tgz. Extracting by manifest.
159 silly tarball no local data for axios@https://registry.npmjs.org/axios/-/axios-1.2.3.tgz. Extracting by manifest.
160 http fetch POST 200 https://registry.npmjs.org/-/npm/v1/security/advisories/bulk 463ms
161 timing auditReport:getReport Completed in 475ms
162 silly audit report {}
163 timing auditReport:init Completed in 0ms
164 timing reify:audit Completed in 487ms
165 http fetch GET 200 https://registry.npmjs.org/delayed-stream/-/delayed-stream-1.0.0.tgz 749ms (cache miss)
166 timing reifyNode:node_modules/delayed-stream Completed in 988ms
167 http fetch GET 200 https://registry.npmjs.org/mime-types/-/mime-types-2.1.35.tgz 752ms (cache miss)
168 timing reifyNode:node_modules/mime-types Completed in 1006ms
169 http fetch GET 200 https://registry.npmjs.org/combined-stream/-/combined-stream-1.0.8.tgz 718ms (cache miss)
170 timing reifyNode:node_modules/combined-stream Completed in 1109ms
171 http fetch GET 200 https://registry.npmjs.org/form-data/-/form-data-4.0.0.tgz 975ms (cache miss)
172 timing reifyNode:node_modules/form-data Completed in 1248ms
173 http fetch GET 200 https://registry.npmjs.org/proxy-from-env/-/proxy-from-env-1.1.0.tgz 1003ms (cache miss)
174 timing reifyNode:node_modules/proxy-from-env Completed in 1266ms
175 http fetch GET 200 https://registry.npmjs.org/follow-redirects/-/follow-redirects-1.15.2.tgz 1006ms (cache miss)
176 timing reifyNode:node_modules/follow-redirects Completed in 1298ms
177 http fetch GET 200 https://registry.npmjs.org/mime-db/-/mime-db-1.52.0.tgz 1025ms (cache miss)
178 timing reifyNode:node_modules/mime-db Completed in 1336ms
179 http fetch GET 200 https://registry.npmjs.org/asynckit/-/asynckit-0.4.0.tgz 1061ms (cache miss)
180 timing reifyNode:node_modules/asynckit Completed in 1358ms
181 http fetch GET 200 https://registry.npmjs.org/axios/-/axios-1.2.3.tgz 1888ms (cache miss)
182 timing reifyNode:node_modules/axios Completed in 2332ms
183 timing reify:unpack Completed in 2335ms
184 timing reify:unretire Completed in 1ms
185 timing build:queue Completed in 17ms
186 timing build:deps Completed in 19ms
187 timing build Completed in 21ms
188 timing reify:build Completed in 25ms
189 timing reify:trash Completed in 95ms
190 timing reify:save Completed in 194ms
191 timing reify Completed in 5782ms
192 silly ADD node_modules/mime-db
193 silly ADD node_modules/delayed-stream
194 silly ADD node_modules/mime-types
195 silly ADD node_modules/combined-stream
196 silly ADD node_modules/asynckit
197 silly ADD node_modules/proxy-from-env
198 silly ADD node_modules/form-data
199 silly ADD node_modules/follow-redirects
200 silly ADD node_modules/axios
201 silly ADD
202 silly ADD
203 silly ADD
204 silly ADD
205 silly ADD
206 silly ADD
207 silly ADD
208 silly ADD
209 silly ADD
210 silly ADD
211 silly ADD
212 silly ADD
213 silly ADD
214 silly ADD
215 silly ADD
216 silly ADD
217 silly ADD
218 silly ADD
219 silly ADD
220 silly ADD
221 silly ADD
222 silly ADD
223 timing command:install Completed in 5886ms
224 verbose exit 0
225 timing npm Completed in 6192ms
226 info ok
